FUNCTION                                             CALLS        %  TIME  [uS / CALLS]
--------                                             -----  -------  ----  [----------]
'Elixir.Inspect.Atom':inspect/2                          1     0.00     0  [      0.00]
'Elixir.Inspect.Atom':'valid_atom_piece?'/1              1     0.00     0  [      0.00]
'Elixir.Keyword':get/2                                   1     0.00     0  [      0.00]
elixir_translator:translate_arg/3                        1     0.00     0  [      0.00]
error_handler:undefined_function/3                       1     0.00     0  [      0.00]
error_handler:crash/3                                    1     0.00     0  [      0.00]
error_handler:crash/1                                    1     0.00     0  [      0.00]
error_handler:call_undefined_function_handler/3          1     0.00     0  [      0.00]
'Elixir.Inspect.Algebra':color/3                         1     0.00     0  [      0.00]
'Elixir.Inspect.Algebra':empty/0                         1     0.00     0  [      0.00]
code:ensure_loaded/1                                     1     0.00     0  [      0.00]
'Elixir.List.Chars.List':to_charlist/1                   2     0.00     0  [      0.00]
elixir_parser:yeccpars2_cont_2/7                         1     0.00     0  [      0.00]
elixir_parser:yeccpars2_5/7                              2     0.00     0  [      0.00]
elixir_parser:yeccpars2_10/7                             1     0.00     0  [      0.00]
elixir_parser:yeccpars2_23/7                             2     0.00     0  [      0.00]
elixir_parser:yeccpars2_48/7                             1     0.00     0  [      0.00]
elixir_parser:yeccpars2_317/7                            1     0.00     0  [      0.00]
elixir_parser:yeccpars2_324/7                            1     0.00     0  [      0.00]
elixir_parser:yeccpars2_350/7                            1     0.00     0  [      0.00]
elixir_parser:yeccpars2_357/7                            1     0.00     0  [      0.00]
elixir_parser:yeccpars2_358/7                            1     0.00     0  [      0.00]
elixir_parser:yeccpars2_359/7                            1     0.00     0  [      0.00]
elixir_parser:yeccgoto_call_args_parens_base/7           1     0.00     0  [      0.00]
elixir_parser:yeccgoto_call_args_parens_expr/7           1     0.00     0  [      0.00]
elixir_parser:yeccgoto_close_paren/7                     1     0.00     0  [      0.00]
elixir_parser:yeccgoto_empty_paren/7                     1     0.00     0  [      0.00]
elixir_tokenizer:tokenize_atom/2                         1     0.00     0  [      0.00]
'Elixir.IO.ANSI':format_fragment/2                       2     0.00     0  [      0.00]
gen_server:call/3                                        1     0.00     0  [      0.00]
'Elixir.GenServer':call/2                                1     0.00     0  [      0.00]
'Elixir.GenServer':call/3                                1     0.00     0  [      0.00]
io:o_request/3                                           2     0.06     1  [      0.50]
io:columns/1                                             2     0.06     1  [      0.50]
erl_scan:location/1                                      2     0.06     1  [      0.50]
gen:do_call/4                                            2     0.06     1  [      0.50]
gen:do_for_proc/2                                        2     0.06     1  [      0.50]
gen:'-call/4-fun-0-'/4                                   2     0.06     1  [      0.50]
'Elixir.Inspect.Atom':color_key/1                        1     0.06     1  [      1.00]
'Elixir.Inspect.Atom':'valid_atom_identifier?'/1         1     0.06     1  [      1.00]
'Elixir.Inspect.Atom':'valid_ref_identifier?'/1          1     0.06     1  [      1.00]
elixir_dispatch:deprecation/3                            2     0.06     1  [      0.50]
'Elixir.Inspect.PID':inspect/2                           1     0.06     1  [      1.00]
lists:map/2                                              2     0.06     1  [      0.50]
lists:rumergel/3                                         2     0.06     1  [      0.50]
maps:fold/3                                              2     0.06     1  [      0.50]
elixir_translator:'-translate_args/2-fun-1-'/3           1     0.06     1  [      1.00]
error_handler:ensure_loaded/1                            1     0.06     1  [      1.00]
'Elixir.Inspect.Algebra':ansi/1                          2     0.06     1  [      0.50]
'Elixir.Inspect.Algebra':concat/2                        1     0.06     1  [      1.00]
elixir_exp:expand_arg/2                                  2     0.06     1  [      0.50]
elixir_scope:merge_vars/2                                2     0.06     1  [      0.50]
elixir_scope:merge_opt_vars/2                            2     0.06     1  [      0.50]
dict:store_bkt_val/3                                     2     0.06     1  [      0.50]
dict:maybe_expand/2                                      2     0.06     1  [      0.50]
elixir_parser:build_dot_alias/3                          1     0.06     1  [      1.00]
elixir_parser:yecctoken_location/1                       2     0.06     1  [      0.50]
elixir_parser:yeccpars2_21/7                             2     0.06     1  [      0.50]
elixir_parser:yeccpars2_24/7                             2     0.06     1  [      0.50]
elixir_parser:yeccpars2_27/7                             2     0.06     1  [      0.50]
elixir_parser:yeccpars2_42/7                             2     0.06     1  [      0.50]
elixir_parser:yeccpars2_46/7                             1     0.06     1  [      1.00]
elixir_parser:yeccpars2_57/7                             2     0.06     1  [      0.50]
elixir_parser:yeccpars2_63/7                             1     0.06     1  [      1.00]
elixir_parser:yeccpars2_182/7                            1     0.06     1  [      1.00]
elixir_parser:yeccpars2_349/7                            2     0.06     1  [      0.50]
elixir_parser:yeccpars2_355/7                            1     0.06     1  [      1.00]
elixir_parser:yeccpars2_559/7                            2     0.06     1  [      0.50]
elixir_parser:yeccgoto_dot_paren_identifier/7            2     0.06     1  [      0.50]
elixir_parser:yeccgoto_expr/7                            2     0.06     1  [      0.50]
elixir_parser:yeccgoto_expr_list/7                       2     0.06     1  [      0.50]
elixir_parser:yeccgoto_grammar/7                         2     0.06     1  [      0.50]
elixir_parser:yeccgoto_number_or_char/7                  1     0.06     1  [      1.00]
elixir_parser:yeccgoto_open_paren/7                      2     0.06     1  [      0.50]
elixir_parser:yeccgoto_parens_call/7                     2     0.06     1  [      0.50]
elixir_tokenizer:tokenize_atom/3                         6     0.06     1  [      0.17]
elixir_lexical:if_tracker/2                              3     0.06     1  [      0.33]
'Elixir.IO.ANSI':cyan/0                                  1     0.06     1  [      1.00]
'Elixir.IO.ANSI':reset/0                                 3     0.06     1  [      0.33]
'Elixir.IEx.Config':inspect_opts/0                       2     0.06     1  [      0.50]
'Elixir.IEx.Config':update_syntax_colors/1               2     0.06     1  [      0.50]
'Elixir.IEx.Config':width/0                              2     0.06     1  [      0.50]
'Elixir.IEx.Config':'-inspect_opts/0-fun-0-'/0           2     0.06     1  [      0.50]
elixir_env:mergea/2                                      2     0.06     1  [      0.50]
erl_lint:return_status/1                                 2     0.06     1  [      0.50]
erl_lint:expr_list/3                                     2     0.06     1  [      0.50]
erl_lint:vtmerge_pat/2                                   1     0.06     1  [      1.00]
erl_lint:format_function/5                               2     0.06     1  [      0.50]
erl_lint:is_format_function/2                            2     0.06     1  [      0.50]
erl_lint:'-expr_list/3-fun-0-'/3                         1     0.06     1  [      1.00]
erl_lint:'-pack_warnings/1-lc$^1/1-0-'/2                 4     0.06     1  [      0.25]
elixir_aliases:expand/3                                  1     0.06     1  [      1.00]
elixir_aliases:lookup/3                                  1     0.06     1  [      1.00]
'Elixir.Process':whereis/1                               1     0.06     1  [      1.00]
'Elixir.Inspect.Opts':'__struct__'/0                     2     0.06     1  [      0.50]
erl_anno:new_location/1                                  2     0.06     1  [      0.50]
erl_anno:end_location/1                                  2     0.06     1  [      0.50]
erl_anno:location/1                                      2     0.06     1  [      0.50]
erl_anno:text/1                                          2     0.06     1  [      0.50]
'Elixir.Enum':reduce/3                                   2     0.06     1  [      0.50]
elixir_rewrite:remote/5                                  2     0.06     1  [      0.50]
'Elixir.Inspect':inspect/2                               2     0.06     1  [      0.50]
ordsets:union/2                                          2     0.06     1  [      0.50]
'Elixir.IEx.Evaluator':io_result/1                       2     0.06     1  [      0.50]
erlang:raise/3                                           1     0.06     1  [      1.00]
erlang:error/1                                           1     0.06     1  [      1.00]
io:put_chars/2                                           2     0.11     2  [      1.00]
io:columns/0                                             2     0.11     2  [      1.00]
gen:call/4                                               2     0.11     2  [      1.00]
'Elixir.Application':fetch_env/2                         2     0.11     2  [      1.00]
'Elixir.Application':'fetch_env!'/2                      2     0.11     2  [      1.00]
'Elixir.Application':get_env/2                           2     0.11     2  [      1.00]
'Elixir.Inspect.Atom':inspect/1                          1     0.11     2  [      2.00]
'Elixir.Inspect.Atom':'valid_identifier?'/1              9     0.11     2  [      0.22]
erl_eval:expr_list/4                                     2     0.11     2  [      1.00]
erl_eval:expr_list/6                                     3     0.11     2  [      0.67]
otp_internal:obsolete/3                                  2     0.11     2  [      1.00]
otp_internal:obsolete_1/3                                2     0.11     2  [      1.00]
erl_internal:bif/3                                       2     0.11     2  [      1.00]
elixir_dispatch:dispatch_require/6                       2     0.11     2  [      1.00]
elixir_dispatch:required/1                               2     0.11     2  [      1.00]
elixir_dispatch:check_deprecation/5                      2     0.11     2  [      1.00]
queue:in/2                                               2     0.11     2  [      1.00]
sets:new/0                                               2     0.11     2  [      1.00]
sets:mk_seg/1                                            2     0.11     2  [      1.00]
elixir_utils:get_line/1                                  2     0.11     2  [      1.00]
elixir_utils:get_ann/3                                   4     0.11     2  [      0.50]
elixir_translator:assert_allowed_in_context/5            2     0.11     2  [      1.00]
code_server:call/1                                       3     0.11     2  [      0.67]
'Elixir.Inspect.Algebra':default_mode/1                  2     0.11     2  [      1.00]
elixir_exp:expand_remote/7                               2     0.11     2  [      1.00]
elixir_exp:expand_aliases/3                              1     0.11     2  [      2.00]
elixir_exp:'-expand_aliases/3-fun-0-'/1                  2     0.11     2  [      1.00]
elixir_exp:'-expand_args/2-fun-1-'/2                     2     0.11     2  [      1.00]
elixir_exp:'-expand/2-fun-2-'/7                          2     0.11     2  [      1.00]
'Elixir.Kernel':inspect/2                                2     0.11     2  [      1.00]
code:call/1                                              3     0.11     2  [      0.67]
dict:store/3                                             2     0.11     2  [      1.00]
dict:maybe_expand_aux/2                                  2     0.11     2  [      1.00]
dict:'-store/3-fun-0-'/3                                 2     0.11     2  [      1.00]
dict:'-from_list/1-fun-0-'/2                             2     0.11     2  [      1.00]
elixir_parser:meta_from_location/1                       4     0.11     2  [      0.50]
elixir_parser:build_dot/3                                2     0.11     2  [      1.00]
elixir_parser:extract_identifier/1                       2     0.11     2  [      1.00]
elixir_parser:build_identifier/2                         2     0.11     2  [      1.00]
elixir_parser:to_block/1                                 2     0.11     2  [      1.00]
elixir_parser:yeccpars0/5                                2     0.11     2  [      1.00]
elixir_parser:yeccpars1/5                                2     0.11     2  [      1.00]
elixir_parser:yecc_end/1                                 2     0.11     2  [      1.00]
elixir_parser:yeccpars2_32/7                             2     0.11     2  [      1.00]
elixir_parser:yeccpars2_122/7                            3     0.11     2  [      0.67]
elixir_parser:yeccpars2_127/7                            3     0.11     2  [      0.67]
elixir_parser:yeccpars2_187/7                            2     0.11     2  [      1.00]
elixir_parser:yeccpars2_411/7                            2     0.11     2  [      1.00]
elixir_parser:yeccgoto_call_args_parens/7                2     0.11     2  [      1.00]
elixir_parser:yeccgoto_eoe/7                             2     0.11     2  [      1.00]
elixir_tokenizer:tokenize/4                              4     0.11     2  [      0.50]
elixir_tokenizer:strip_horizontal_space/2                3     0.11     2  [      0.67]
elixir_tokenizer:eol/3                                   2     0.11     2  [      1.00]
elixir_tokenizer:tokenize_alias/8                        2     0.11     2  [      1.00]
elixir_lexical:record_remote/3                           1     0.11     2  [      2.00]
'Elixir.IO.ANSI':'enabled?'/0                            6     0.11     2  [      0.33]
'Elixir.IO.ANSI':format/2                                2     0.11     2  [      1.00]
'Elixir.IO.ANSI':yellow/0                                3     0.11     2  [      0.67]
'Elixir.IEx.Config':color/1                              2     0.11     2  [      1.00]
'Elixir.IEx.Config':default_color/1                      6     0.11     2  [      0.33]
elixir_env:mergev/2                                      2     0.11     2  [      1.00]
elixir_env:merge_vars/2                                  2     0.11     2  [      1.00]
elixir_env:merge_opt_vars/2                              2     0.11     2  [      1.00]
orddict:from_list/1                                      2     0.11     2  [      1.00]
orddict:merge/3                                          5     0.11     2  [      0.40]
erl_lint:pack_errors/1                                   2     0.11     2  [      1.00]
erl_lint:nowarn_function/2                               2     0.11     2  [      1.00]
erl_lint:check_remote_function/5                         2     0.11     2  [      1.00]
erl_lint:check_qlc_hrl/5                                 2     0.11     2  [      1.00]
erl_lint:keyword_warning/3                               2     0.11     2  [      1.00]
erl_lint:'-set_file/2-lc$^0/1-0-'/2                      4     0.11     2  [      0.50]
erl_lint:'-pack_warnings/1-lc$^0/1-2-'/1                 4     0.11     2  [      0.50]
'Elixir.List':wrap/1                                     2     0.11     2  [      1.00]
gb_sets:from_ordset/1                                    4     0.11     2  [      0.50]
elixir_aliases:expand/4                                  1     0.11     2  [      2.00]
elixir_aliases:concat/1                                  1     0.11     2  [      2.00]
elixir_aliases:do_concat/2                               3     0.11     2  [      0.67]
'Elixir.Process':delete/1                                2     0.11     2  [      1.00]
'Elixir.String.Chars.Integer':to_string/1                7     0.11     2  [      0.29]
erl_anno:new/1                                           2     0.11     2  [      1.00]
'Elixir.Game.PlayerServerPool':'__info__'/1              1     0.11     2  [      2.00]
'Elixir.Game.PlayerServerPool':lookup_player/1           1     0.11     2  [      2.00]
erlang:min/2                                             4     0.11     2  [      0.50]
'Elixir.IEx.History.State':prune/2                       2     0.11     2  [      1.00]
'Elixir.IEx.History.State':prune/4                       2     0.11     2  [      1.00]
elixir_rewrite:inline/3                                  2     0.11     2  [      1.00]
elixir_rewrite:rewrite/3                                 2     0.11     2  [      1.00]
erl_parse:map_anno/2                                     2     0.11     2  [      1.00]
'Elixir.Inspect':impl_for/1                              2     0.11     2  [      1.00]
'Elixir.List.Chars':impl_for/1                           2     0.11     2  [      1.00]
elixir:string_to_quoted/4                                2     0.11     2  [      1.00]
maps:to_list/1                                           2     0.11     2  [      1.00]
erlang:function_exported/3                               2     0.11     2  [      1.00]
io:execute_request/2                                     4     0.17     3  [      0.75]
io:default_output/0                                      2     0.17     3  [      1.50]
erl_eval:do_apply/6                                      2     0.17     3  [      1.50]
erl_eval:merge_bindings/2                                3     0.17     3  [      1.00]
'Elixir.Keyword':put_new_lazy/3                          2     0.17     3  [      1.50]
lists:all/2                                              3     0.17     3  [      1.00]
lists:usplit_2_1/6                                       4     0.17     3  [      0.75]
elixir_utils:get_ann/1                                   2     0.17     3  [      1.50]
elixir_translator:translate_args/2                       2     0.17     3  [      1.50]
'Elixir.Inspect.Algebra':format/2                        2     0.17     3  [      1.50]
'Elixir.Inspect.Algebra':to_doc/2                        2     0.17     3  [      1.50]
'Elixir.IO':puts/2                                       2     0.17     3  [      1.50]
'Elixir.Kernel':struct/2                                 2     0.17     3  [      1.50]
'Elixir.IEx.History':append/3                            2     0.17     3  [      1.50]
elixir_scope:mergev/2                                    2     0.17     3  [      1.50]
elixir_scope:mergec/2                                    2     0.17     3  [      1.50]
elixir_scope:load_binding/2                              2     0.17     3  [      1.50]
elixir_scope:load_binding/5                              2     0.17     3  [      1.50]
dict:from_list/1                                         2     0.17     3  [      1.50]
elixir_parser:meta_from_token/2                          1     0.17     3  [      3.00]
elixir_parser:parse/1                                    2     0.17     3  [      1.50]
elixir_parser:yecctoken_end_location/1                   2     0.17     3  [      1.50]
elixir_parser:yeccpars2_0/7                              2     0.17     3  [      1.50]
elixir_parser:yeccpars2_16/7                             5     0.17     3  [      0.60]
elixir_parser:yeccpars2_17/7                             5     0.17     3  [      0.60]
elixir_parser:yeccpars2_39/7                             6     0.17     3  [      0.50]
elixir_parser:yeccgoto_access_expr/7                     6     0.17     3  [      0.50]
elixir_parser:yeccgoto_dot_alias/7                       2     0.17     3  [      1.50]
elixir_parser:yeccgoto_dot_op/7                          3     0.17     3  [      1.00]
elixir_parser:yeccgoto_matched_expr/7                    6     0.17     3  [      0.50]
elixir_parser:yeccgoto_max_expr/7                        5     0.17     3  [      0.60]
elixir_tokenizer:tokenize/3                              2     0.17     3  [      1.50]
elixir_tokenizer:handle_terminator/6                     4     0.17     3  [      0.75]
elixir_lexical:record_remote/6                           2     0.17     3  [      1.50]
'Elixir.IEx.Config':columns/0                            2     0.17     3  [      1.50]
unicode:characters_to_list/1                             2     0.17     3  [      1.50]
orddict:to_list/1                                        5     0.17     3  [      0.60]
erl_lint:value_option/7                                  2     0.17     3  [      1.50]
erl_lint:exprs_opt/3                                     2     0.17     3  [      1.50]
erl_lint:start/2                                         2     0.17     3  [      1.50]
erl_lint:set_file/2                                      2     0.17     3  [      1.50]
erl_lint:anno_set_file/2                                 2     0.17     3  [      1.50]
erl_lint:deprecated_function/5                           2     0.17     3  [      1.50]
erl_lint:'-nowarn_function/2-lc$^0/1-0-'/2               6     0.17     3  [      0.50]
erl_lint:'-value_option/7-fun-0-'/7                      4     0.17     3  [      0.75]
gb_sets:balance_list/2                                   4     0.17     3  [      0.75]
elixir_aliases:do_concat/1                               2     0.17     3  [      1.50]
erl_anno:is_filename/1                                   9     0.17     3  [      0.33]
erl_anno:set_file/2                                      9     0.17     3  [      0.33]
erl_anno:set/3                                           9     0.17     3  [      0.33]
erl_anno:set_anno/3                                      9     0.17     3  [      0.33]
erl_anno:reset_simplify/1                                9     0.17     3  [      0.33]
erl_anno:simplify/1                                      9     0.17     3  [      0.33]
'Elixir.Enum':'-reduce/3-lists^foldl/2-0-'/3             8     0.17     3  [      0.38]
'Elixir.IEx':color/2                                     2     0.17     3  [      1.50]
'Elixir.IEx':dont_display_result/0                       2     0.17     3  [      1.50]
'Elixir.IEx':inspect_opts/0                              2     0.17     3  [      1.50]
elixir_rewrite:rewrite/6                                 2     0.17     3  [      1.50]
'Elixir.Inspect':'impl_for!'/1                           2     0.17     3  [      1.50]
'Elixir.String.Chars':impl_for/1                         7     0.17     3  [      0.43]
'Elixir.List.Chars':'impl_for!'/1                        2     0.17     3  [      1.50]
'Elixir.List.Chars':to_charlist/1                        2     0.17     3  [      1.50]
'Elixir.GenServer':whereis/1                             1     0.17     3  [      3.00]
elixir:eval_forms/4                                      2     0.17     3  [      1.50]
elixir:'-string_to_quoted/4-after$^0/0-0-'/0             2     0.17     3  [      1.50]
erlang:integer_to_binary/1                               7     0.17     3  [      0.43]
erlang:atom_to_binary/2                                  3     0.17     3  [      1.00]
unicode:characters_to_list/2                             2     0.17     3  [      1.50]
erlang:group_leader/0                                    4     0.17     3  [      0.75]
elixir_dispatch:expand_require/5                         2     0.22     4  [      2.00]
elixir_dispatch:get_macros/2                             2     0.22     4  [      2.00]
'Elixir.Keyword':update/4                                6     0.22     4  [      0.67]
lists:umergel/3                                          6     0.22     4  [      0.67]
elixir_utils:elixir_to_erl/1                             3     0.22     4  [      1.33]
'Elixir.Kernel':'-struct/2-fun-0-'/2                     6     0.22     4  [      0.67]
elixir_scope:dump_binding/2                              2     0.22     4  [      2.00]
dict:get_slot/2                                          2     0.22     4  [      2.00]
elixir_tokenizer:tokenize_other_identifier/7             2     0.22     4  [      2.00]
elixir_tokenizer:add_token_with_nl/2                     3     0.22     4  [      1.33]
'Elixir.IO.ANSI':format_sequence/1                       5     0.22     4  [      0.80]
'Elixir.IEx.Config':history_size/0                       2     0.22     4  [      2.00]
'Elixir.String':to_charlist/1                            2     0.22     4  [      2.00]
erl_lint:pack_warnings/1                                 4     0.22     4  [      1.00]
erl_lint:exprs/3                                         4     0.22     4  [      1.00]
erl_lint:vtupdate/2                                      4     0.22     4  [      1.00]
gb_sets:from_list/1                                      4     0.22     4  [      1.00]
'Elixir.IEx.History.State':append/2                      2     0.22     4  [      2.00]
'Elixir.IEx.Evaluator':do_eval/4                         2     0.22     4  [      2.00]
'Elixir.IEx.Evaluator':handle_eval/6                     2     0.22     4  [      2.00]
'Elixir.IEx.Evaluator':update_history/4                  2     0.22     4  [      2.00]
elixir:quoted_to_erl/3                                   2     0.22     4  [      2.00]
maps:put/3                                               6     0.22     4  [      0.67]
maps:is_key/2                                            6     0.22     4  [      0.67]
erlang:binary_to_atom/2                                  1     0.22     4  [      4.00]
erlang:list_to_integer/1                                 1     0.22     4  [      4.00]
erlang:erase/1                                           4     0.22     4  [      1.00]
erlang:atom_to_list/1                                    1     0.22     4  [      4.00]
application:get_env/3                                   14     0.28     5  [      0.36]
erl_eval:check_command/2                                 2     0.28     5  [      2.50]
erl_eval:ret_expr/3                                      7     0.28     5  [      0.71]
erl_eval:bindings/1                                      2     0.28     5  [      2.50]
lists:umerge2_1/5                                        8     0.28     5  [      0.63]
'Elixir.Inspect.Algebra':format/3                       10     0.28     5  [      0.50]
'Elixir.Kernel':struct/3                                 4     0.28     5  [      1.25]
dict:on_bucket/3                                         2     0.28     5  [      2.50]
elixir_parser:meta_from_token/1                          4     0.28     5  [      1.25]
elixir_tokenizer:strip_horizontal_space/1                3     0.28     5  [      1.67]
elixir_tokenizer:strip_dot_space/3                       3     0.28     5  [      1.67]
'Elixir.IEx.Config':color/2                              6     0.28     5  [      0.83]
'Elixir.IEx.Config':'colors_enabled?'/1                  6     0.28     5  [      0.83]
'Elixir.Code':string_to_quoted/2                         2     0.28     5  [      2.50]
erl_lint:expr/3                                          3     0.28     5  [      1.67]
gb_sets:empty/0                                          6     0.28     5  [      0.83]
'Elixir.String.Chars':'impl_for!'/1                      7     0.28     5  [      0.71]
'Elixir.String.Chars':to_string/1                        7     0.28     5  [      0.71]
'Elixir.IEx.Evaluator':eval/4                            2     0.28     5  [      2.50]
'Elixir.IEx.Evaluator':'-do_eval/4-after$^0/0-0-'/0      2     0.28     5  [      2.50]
erlang:whereis/1                                         3     0.28     5  [      1.67]
io:request/2                                             6     0.34     6  [      1.00]
io:io_request/2                                          4     0.34     6  [      1.50]
lists:umerge2_2/4                                        8     0.34     6  [      0.75]
elixir_tokenizer:tokenize_any_base_identifier/1          4     0.34     6  [      1.50]
elixir_tokenizer:handle_terminator/2                     4     0.34     6  [      1.50]
elixir_tokenizer:check_terminator/2                      4     0.34     6  [      1.50]
erl_lint:pseudolocals/0                                  6     0.34     6  [      1.00]
erl_lint:'-anno_set_file/2-fun-0-'/2                     9     0.34     6  [      0.67]
erl_lint:'-start/2-lc$^1/1-1-'/1                         8     0.34     6  [      0.75]
'Elixir.Process':put/2                                   2     0.34     6  [      3.00]
erl_anno:default/2                                       9     0.34     6  [      0.67]
'Elixir.IEx.Evaluator':io_inspect/1                      2     0.34     6  [      3.00]
elixir:erl_eval/3                                        2     0.34     6  [      3.00]
erlang:error/2                                           4     0.34     6  [      1.50]
elixir_exp:expand_args/2                                 3     0.39     7  [      2.33]
code:is_loaded/1                                         2     0.39     7  [      3.50]
elixir_tokenizer:tokenize_number/4                       6     0.39     7  [      1.17]
erl_parse:'-map_anno/2-fun-0-'/3                         9     0.39     7  [      0.78]
application_controller:get_env/2                        16     0.39     7  [      0.44]
lists:usplit_2/5                                        10     0.45     8  [      0.80]
elixir_parser:yeccpars1/7                               15     0.45     8  [      0.53]
'Elixir.IO.ANSI':do_format/5                            23     0.45     8  [      0.35]
elixir_aliases:to_partial/1                              2     0.45     8  [      4.00]
ordsets:from_list/1                                      8     0.45     8  [      1.00]
erlang:iolist_to_binary/1                                5     0.45     8  [      1.60]
erlang:'++'/2                                            4     0.45     8  [      2.00]
erlang:pid_to_list/1                                     1     0.45     8  [      8.00]
erlang:phash/2                                           2     0.45     8  [      4.00]
'Elixir.Keyword':get/3                                   6     0.51     9  [      1.50]
erl_anno:is_settable/2                                   9     0.51     9  [      1.00]
unicode:characters_to_binary/2                           2     0.51     9  [      4.50]
lists:reverse/2                                         12     0.51     9  [      0.75]
erlang:put/2                                             4     0.51     9  [      2.25]
erl_eval:expr/5                                          7     0.56    10  [      1.43]
'Elixir.Keyword':fetch/2                                12     0.56    10  [      0.83]
dict:mk_seg/1                                           14     0.56    10  [      0.71]
elixir_tokenizer:tokenize_any_identifier/3               4     0.56    10  [      2.50]
elixir_tokenizer:check_call_identifier/6                 2     0.56    10  [      5.00]
erl_anno:anno_info/2                                    13     0.56    10  [      0.77]
application:get_env/2                                   16     0.62    11  [      0.69]
elixir_translator:translate/2                            5     0.62    11  [      2.20]
elixir_tokenizer:unsafe_to_atom/3                        5     0.62    11  [      2.20]
gb_sets:balance_list_1/2                                12     0.62    11  [      0.92]
lists:usort/1                                           12     0.67    12  [      1.00]
lists:mapfoldl/3                                         9     0.67    12  [      1.33]
dict:new/0                                              14     0.67    12  [      0.86]
erlang:setelement/3                                     18     0.67    12  [      0.67]
elixir_tokenizer:handle_dot/6                            3     0.73    13  [      4.33]
ordsets:is_element/2                                    19     0.73    13  [      0.68]
erlang:send/3                                            2     0.73    13  [      6.50]
elixir_exp:expand/2                                      5     0.79    14  [      2.80]
lists:reverse/1                                         11     0.84    15  [      1.36]
elixir_parser:yeccpars2/7                               17     0.84    15  [      0.88]
'Elixir.Application':get_env/3                          14     0.90    16  [      1.14]
elixir_tokenizer:tokenize_kw_or_other/7                  2     0.95    17  [      8.50]
elixir_tokenizer:check_keyword/5                         2     0.95    17  [      8.50]
erl_parse:modify_anno1/3                                17     0.95    17  [      1.00]
erl_lint:'-start/2-lc$^0/1-0-'/1                        30     1.01    18  [      0.60]
maps:get/2                                              23     1.12    20  [      0.87]
maps:find/2                                              9     1.12    20  [      2.22]
ets:lookup/2                                            16     1.18    21  [      1.31]
erl_lint:bool_option/4                                  28     1.35    24  [      0.86]
erlang:list_to_atom/1                                   10     1.52    27  [      2.70]
erlang:demonitor/2                                       9     1.80    32  [      3.56]
erl_lint:'-bool_option/4-fun-0-'/4                      56     1.91    34  [      0.61]
elixir_tokenizer:tokenize_any_base_identifier/3         51     1.96    35  [      0.69]
erlang:get_stacktrace/0                                  1     1.96    35  [     35.00]
lists:keyfind/3                                         46     2.13    38  [      0.83]
'Elixir.IEx.Evaluator':loop/3                           11     2.41    43  [      3.91]
erlang:send/2                                           11     2.41    43  [      3.91]
lists:foldl/3                                          104     2.47    44  [      0.42]
elixir_tokenizer:tokenize/5                             17     2.47    44  [      2.59]
erlang:monitor/2                                         9     4.60    82  [      9.11]
---------------------------------------------------  -----  -------  ----  [----------]
Total:                                                1701  100.00%  1782  [      1.05]
